[24-Sep-2020 23:31:11 America/Araguaina] PHP Parse error:  syntax error, unexpected '}', expecting end of file in /usr/share/nginx/html/prova/Questao4.php on line 39
[24-Sep-2020 23:31:13 America/Araguaina] PHP Parse error:  syntax error, unexpected '}', expecting end of file in /usr/share/nginx/html/prova/Questao4.php on line 39
[24-Sep-2020 23:34:52 America/Araguaina] PHP Notice:  Undefined offset: 4 in /usr/share/nginx/html/prova/Questao4.php on line 30
[24-Sep-2020 23:34:52 America/Araguaina] PHP Stack trace:
[24-Sep-2020 23:34:52 America/Araguaina] PHP   1. {main}() /usr/share/nginx/html/prova/Questao4.php:0
[24-Sep-2020 23:34:52 America/Araguaina] PHP   2. makeArrayConsecutive2() /usr/share/nginx/html/prova/Questao4.php:37
[24-Sep-2020 23:34:52 America/Araguaina] PHP Notice:  Undefined offset: 4 in /usr/share/nginx/html/prova/Questao4.php on line 31
[24-Sep-2020 23:34:52 America/Araguaina] PHP Stack trace:
[24-Sep-2020 23:34:52 America/Araguaina] PHP   1. {main}() /usr/share/nginx/html/prova/Questao4.php:0
[24-Sep-2020 23:34:52 America/Araguaina] PHP   2. makeArrayConsecutive2() /usr/share/nginx/html/prova/Questao4.php:37
[24-Sep-2020 23:58:18 America/Araguaina] PHP Notice:  Undefined offset: 0 in /usr/share/nginx/html/prova/Questao5.php on line 33
[24-Sep-2020 23:58:18 America/Araguaina] PHP Stack trace:
[24-Sep-2020 23:58:18 America/Araguaina] PHP   1. {main}() /usr/share/nginx/html/prova/Questao5.php:0
[24-Sep-2020 23:58:18 America/Araguaina] PHP   2. almostIncreasingSequence() /usr/share/nginx/html/prova/Questao5.php:41
[24-Sep-2020 23:59:24 America/Araguaina] PHP Notice:  Array to string conversion in /usr/share/nginx/html/prova/Questao5.php on line 32
[24-Sep-2020 23:59:24 America/Araguaina] PHP Stack trace:
[24-Sep-2020 23:59:24 America/Araguaina] PHP   1. {main}() /usr/share/nginx/html/prova/Questao5.php:0
[24-Sep-2020 23:59:24 America/Araguaina] PHP   2. almostIncreasingSequence() /usr/share/nginx/html/prova/Questao5.php:37
[24-Sep-2020 23:59:24 America/Araguaina] PHP Notice:  Array to string conversion in /usr/share/nginx/html/prova/Questao5.php on line 32
[24-Sep-2020 23:59:24 America/Araguaina] PHP Stack trace:
[24-Sep-2020 23:59:24 America/Araguaina] PHP   1. {main}() /usr/share/nginx/html/prova/Questao5.php:0
[24-Sep-2020 23:59:24 America/Araguaina] PHP   2. almostIncreasingSequence() /usr/share/nginx/html/prova/Questao5.php:37
[24-Sep-2020 23:59:24 America/Araguaina] PHP Notice:  Array to string conversion in /usr/share/nginx/html/prova/Questao5.php on line 32
[24-Sep-2020 23:59:24 America/Araguaina] PHP Stack trace:
[24-Sep-2020 23:59:24 America/Araguaina] PHP   1. {main}() /usr/share/nginx/html/prova/Questao5.php:0
[24-Sep-2020 23:59:24 America/Araguaina] PHP   2. almostIncreasingSequence() /usr/share/nginx/html/prova/Questao5.php:37
[24-Sep-2020 23:59:24 America/Araguaina] PHP Notice:  Array to string conversion in /usr/share/nginx/html/prova/Questao5.php on line 32
[24-Sep-2020 23:59:24 America/Araguaina] PHP Stack trace:
[24-Sep-2020 23:59:24 America/Araguaina] PHP   1. {main}() /usr/share/nginx/html/prova/Questao5.php:0
[24-Sep-2020 23:59:24 America/Araguaina] PHP   2. almostIncreasingSequence() /usr/share/nginx/html/prova/Questao5.php:37
[25-Sep-2020 00:20:46 America/Araguaina] PHP Warning:  count(): Parameter must be an array or an object that implements Countable in /usr/share/nginx/html/prova/Questao6.php on line 23
[25-Sep-2020 00:20:46 America/Araguaina] PHP Stack trace:
[25-Sep-2020 00:20:46 America/Araguaina] PHP   1. {main}() /usr/share/nginx/html/prova/Questao6.php:0
[25-Sep-2020 00:20:46 America/Araguaina] PHP   2. allLongestStrings() /usr/share/nginx/html/prova/Questao6.php:30
[25-Sep-2020 00:20:46 America/Araguaina] PHP Warning:  count(): Parameter must be an array or an object that implements Countable in /usr/share/nginx/html/prova/Questao6.php on line 23
[25-Sep-2020 00:20:46 America/Araguaina] PHP Stack trace:
[25-Sep-2020 00:20:46 America/Araguaina] PHP   1. {main}() /usr/share/nginx/html/prova/Questao6.php:0
[25-Sep-2020 00:20:46 America/Araguaina] PHP   2. allLongestStrings() /usr/share/nginx/html/prova/Questao6.php:30
[25-Sep-2020 00:20:46 America/Araguaina] PHP Warning:  count(): Parameter must be an array or an object that implements Countable in /usr/share/nginx/html/prova/Questao6.php on line 23
[25-Sep-2020 00:20:46 America/Araguaina] PHP Stack trace:
[25-Sep-2020 00:20:46 America/Araguaina] PHP   1. {main}() /usr/share/nginx/html/prova/Questao6.php:0
[25-Sep-2020 00:20:46 America/Araguaina] PHP   2. allLongestStrings() /usr/share/nginx/html/prova/Questao6.php:30
[25-Sep-2020 00:20:46 America/Araguaina] PHP Warning:  count(): Parameter must be an array or an object that implements Countable in /usr/share/nginx/html/prova/Questao6.php on line 23
[25-Sep-2020 00:20:46 America/Araguaina] PHP Stack trace:
[25-Sep-2020 00:20:46 America/Araguaina] PHP   1. {main}() /usr/share/nginx/html/prova/Questao6.php:0
[25-Sep-2020 00:20:46 America/Araguaina] PHP   2. allLongestStrings() /usr/share/nginx/html/prova/Questao6.php:30
[25-Sep-2020 00:20:46 America/Araguaina] PHP Warning:  count(): Parameter must be an array or an object that implements Countable in /usr/share/nginx/html/prova/Questao6.php on line 23
[25-Sep-2020 00:20:46 America/Araguaina] PHP Stack trace:
[25-Sep-2020 00:20:46 America/Araguaina] PHP   1. {main}() /usr/share/nginx/html/prova/Questao6.php:0
[25-Sep-2020 00:20:46 America/Araguaina] PHP   2. allLongestStrings() /usr/share/nginx/html/prova/Questao6.php:30
[25-Sep-2020 00:38:01 America/Araguaina] PHP Warning:  array_uintersect(): at least 3 parameters are required, 2 given in /usr/share/nginx/html/prova/Questao7.php on line 19
[25-Sep-2020 00:38:01 America/Araguaina] PHP Stack trace:
[25-Sep-2020 00:38:01 America/Araguaina] PHP   1. {main}() /usr/share/nginx/html/prova/Questao7.php:0
[25-Sep-2020 00:38:01 America/Araguaina] PHP   2. commonCharacterCount() /usr/share/nginx/html/prova/Questao7.php:22
[25-Sep-2020 00:38:01 America/Araguaina] PHP   3. array_uintersect() /usr/share/nginx/html/prova/Questao7.php:19
[25-Sep-2020 00:40:14 America/Araguaina] PHP Warning:  array_chunk() expects parameter 2 to be int, array given in /usr/share/nginx/html/prova/Questao7.php on line 19
[25-Sep-2020 00:40:14 America/Araguaina] PHP Stack trace:
[25-Sep-2020 00:40:14 America/Araguaina] PHP   1. {main}() /usr/share/nginx/html/prova/Questao7.php:0
[25-Sep-2020 00:40:14 America/Araguaina] PHP   2. commonCharacterCount() /usr/share/nginx/html/prova/Questao7.php:22
[25-Sep-2020 00:40:14 America/Araguaina] PHP   3. array_chunk() /usr/share/nginx/html/prova/Questao7.php:19
[25-Sep-2020 00:47:21 America/Araguaina] PHP Fatal error:  Uncaught Error: Unsupported operand types in /usr/share/nginx/html/prova/Questao7.php:20
Stack trace:
#0 /usr/share/nginx/html/prova/Questao7.php(23): commonCharacterCount()
#1 {main}
  thrown in /usr/share/nginx/html/prova/Questao7.php on line 20
[25-Sep-2020 10:50:04 America/Araguaina] PHP Notice:  Undefined offset: 0 in /usr/share/nginx/html/prova/Questao7.php on line 23
[25-Sep-2020 10:50:04 America/Araguaina] PHP Stack trace:
[25-Sep-2020 10:50:04 America/Araguaina] PHP   1. {main}() /usr/share/nginx/html/prova/Questao7.php:0
[25-Sep-2020 10:50:04 America/Araguaina] PHP   2. commonCharacterCount() /usr/share/nginx/html/prova/Questao7.php:32
[25-Sep-2020 10:50:04 America/Araguaina] PHP Notice:  Undefined offset: 0 in /usr/share/nginx/html/prova/Questao7.php on line 23
[25-Sep-2020 10:50:04 America/Araguaina] PHP Stack trace:
[25-Sep-2020 10:50:04 America/Araguaina] PHP   1. {main}() /usr/share/nginx/html/prova/Questao7.php:0
[25-Sep-2020 10:50:04 America/Araguaina] PHP   2. commonCharacterCount() /usr/share/nginx/html/prova/Questao7.php:32
[25-Sep-2020 10:50:04 America/Araguaina] PHP Notice:  Undefined offset: 0 in /usr/share/nginx/html/prova/Questao7.php on line 23
[25-Sep-2020 10:50:04 America/Araguaina] PHP Stack trace:
[25-Sep-2020 10:50:04 America/Araguaina] PHP   1. {main}() /usr/share/nginx/html/prova/Questao7.php:0
[25-Sep-2020 10:50:04 America/Araguaina] PHP   2. commonCharacterCount() /usr/share/nginx/html/prova/Questao7.php:32
[25-Sep-2020 10:50:04 America/Araguaina] PHP Notice:  Undefined offset: 0 in /usr/share/nginx/html/prova/Questao7.php on line 23
[25-Sep-2020 10:50:04 America/Araguaina] PHP Stack trace:
[25-Sep-2020 10:50:04 America/Araguaina] PHP   1. {main}() /usr/share/nginx/html/prova/Questao7.php:0
[25-Sep-2020 10:50:04 America/Araguaina] PHP   2. commonCharacterCount() /usr/share/nginx/html/prova/Questao7.php:32
[25-Sep-2020 10:51:08 America/Araguaina] PHP Notice:  Undefined offset: 0 in /usr/share/nginx/html/prova/Questao7.php on line 24
[25-Sep-2020 10:51:08 America/Araguaina] PHP Stack trace:
[25-Sep-2020 10:51:08 America/Araguaina] PHP   1. {main}() /usr/share/nginx/html/prova/Questao7.php:0
[25-Sep-2020 10:51:08 America/Araguaina] PHP   2. commonCharacterCount() /usr/share/nginx/html/prova/Questao7.php:33
[25-Sep-2020 10:51:08 America/Araguaina] PHP Notice:  Undefined offset: 0 in /usr/share/nginx/html/prova/Questao7.php on line 24
[25-Sep-2020 10:51:08 America/Araguaina] PHP Stack trace:
[25-Sep-2020 10:51:08 America/Araguaina] PHP   1. {main}() /usr/share/nginx/html/prova/Questao7.php:0
[25-Sep-2020 10:51:08 America/Araguaina] PHP   2. commonCharacterCount() /usr/share/nginx/html/prova/Questao7.php:33
[25-Sep-2020 10:51:08 America/Araguaina] PHP Notice:  Undefined offset: 0 in /usr/share/nginx/html/prova/Questao7.php on line 24
[25-Sep-2020 10:51:08 America/Araguaina] PHP Stack trace:
[25-Sep-2020 10:51:08 America/Araguaina] PHP   1. {main}() /usr/share/nginx/html/prova/Questao7.php:0
[25-Sep-2020 10:51:08 America/Araguaina] PHP   2. commonCharacterCount() /usr/share/nginx/html/prova/Questao7.php:33
[25-Sep-2020 10:51:08 America/Araguaina] PHP Notice:  Undefined offset: 0 in /usr/share/nginx/html/prova/Questao7.php on line 24
[25-Sep-2020 10:51:08 America/Araguaina] PHP Stack trace:
[25-Sep-2020 10:51:08 America/Araguaina] PHP   1. {main}() /usr/share/nginx/html/prova/Questao7.php:0
[25-Sep-2020 10:51:08 America/Araguaina] PHP   2. commonCharacterCount() /usr/share/nginx/html/prova/Questao7.php:33
[25-Sep-2020 10:51:30 America/Araguaina] PHP Notice:  Undefined offset: 0 in /usr/share/nginx/html/prova/Questao7.php on line 24
[25-Sep-2020 10:51:30 America/Araguaina] PHP Stack trace:
[25-Sep-2020 10:51:30 America/Araguaina] PHP   1. {main}() /usr/share/nginx/html/prova/Questao7.php:0
[25-Sep-2020 10:51:30 America/Araguaina] PHP   2. commonCharacterCount() /usr/share/nginx/html/prova/Questao7.php:33
[25-Sep-2020 10:51:30 America/Araguaina] PHP Notice:  Undefined offset: 0 in /usr/share/nginx/html/prova/Questao7.php on line 24
[25-Sep-2020 10:51:30 America/Araguaina] PHP Stack trace:
[25-Sep-2020 10:51:30 America/Araguaina] PHP   1. {main}() /usr/share/nginx/html/prova/Questao7.php:0
[25-Sep-2020 10:51:30 America/Araguaina] PHP   2. commonCharacterCount() /usr/share/nginx/html/prova/Questao7.php:33
[25-Sep-2020 10:51:30 America/Araguaina] PHP Notice:  Undefined offset: 0 in /usr/share/nginx/html/prova/Questao7.php on line 24
[25-Sep-2020 10:51:30 America/Araguaina] PHP Stack trace:
[25-Sep-2020 10:51:31 America/Araguaina] PHP   1. {main}() /usr/share/nginx/html/prova/Questao7.php:0
[25-Sep-2020 10:51:31 America/Araguaina] PHP   2. commonCharacterCount() /usr/share/nginx/html/prova/Questao7.php:33
[25-Sep-2020 10:51:31 America/Araguaina] PHP Notice:  Undefined offset: 0 in /usr/share/nginx/html/prova/Questao7.php on line 24
[25-Sep-2020 10:51:31 America/Araguaina] PHP Stack trace:
[25-Sep-2020 10:51:31 America/Araguaina] PHP   1. {main}() /usr/share/nginx/html/prova/Questao7.php:0
[25-Sep-2020 10:51:31 America/Araguaina] PHP   2. commonCharacterCount() /usr/share/nginx/html/prova/Questao7.php:33
[25-Sep-2020 10:52:43 America/Araguaina] PHP Notice:  Undefined offset: 0 in /usr/share/nginx/html/prova/Questao7.php on line 24
[25-Sep-2020 10:52:43 America/Araguaina] PHP Stack trace:
[25-Sep-2020 10:52:43 America/Araguaina] PHP   1. {main}() /usr/share/nginx/html/prova/Questao7.php:0
[25-Sep-2020 10:52:43 America/Araguaina] PHP   2. commonCharacterCount() /usr/share/nginx/html/prova/Questao7.php:33
[25-Sep-2020 10:52:43 America/Araguaina] PHP Notice:  Undefined offset: 0 in /usr/share/nginx/html/prova/Questao7.php on line 24
[25-Sep-2020 10:52:43 America/Araguaina] PHP Stack trace:
[25-Sep-2020 10:52:43 America/Araguaina] PHP   1. {main}() /usr/share/nginx/html/prova/Questao7.php:0
[25-Sep-2020 10:52:43 America/Araguaina] PHP   2. commonCharacterCount() /usr/share/nginx/html/prova/Questao7.php:33
[25-Sep-2020 10:52:43 America/Araguaina] PHP Notice:  Undefined offset: 0 in /usr/share/nginx/html/prova/Questao7.php on line 24
[25-Sep-2020 10:52:43 America/Araguaina] PHP Stack trace:
[25-Sep-2020 10:52:43 America/Araguaina] PHP   1. {main}() /usr/share/nginx/html/prova/Questao7.php:0
[25-Sep-2020 10:52:43 America/Araguaina] PHP   2. commonCharacterCount() /usr/share/nginx/html/prova/Questao7.php:33
[25-Sep-2020 10:52:43 America/Araguaina] PHP Notice:  Undefined offset: 0 in /usr/share/nginx/html/prova/Questao7.php on line 24
[25-Sep-2020 10:52:43 America/Araguaina] PHP Stack trace:
[25-Sep-2020 10:52:43 America/Araguaina] PHP   1. {main}() /usr/share/nginx/html/prova/Questao7.php:0
[25-Sep-2020 10:52:43 America/Araguaina] PHP   2. commonCharacterCount() /usr/share/nginx/html/prova/Questao7.php:33
[25-Sep-2020 10:52:47 America/Araguaina] PHP Notice:  Undefined offset: 0 in /usr/share/nginx/html/prova/Questao7.php on line 24
[25-Sep-2020 10:52:47 America/Araguaina] PHP Stack trace:
[25-Sep-2020 10:52:47 America/Araguaina] PHP   1. {main}() /usr/share/nginx/html/prova/Questao7.php:0
[25-Sep-2020 10:52:47 America/Araguaina] PHP   2. commonCharacterCount() /usr/share/nginx/html/prova/Questao7.php:33
[25-Sep-2020 10:52:47 America/Araguaina] PHP Notice:  Undefined offset: 0 in /usr/share/nginx/html/prova/Questao7.php on line 24
[25-Sep-2020 10:52:47 America/Araguaina] PHP Stack trace:
[25-Sep-2020 10:52:47 America/Araguaina] PHP   1. {main}() /usr/share/nginx/html/prova/Questao7.php:0
[25-Sep-2020 10:52:47 America/Araguaina] PHP   2. commonCharacterCount() /usr/share/nginx/html/prova/Questao7.php:33
[25-Sep-2020 10:52:47 America/Araguaina] PHP Notice:  Undefined offset: 0 in /usr/share/nginx/html/prova/Questao7.php on line 24
[25-Sep-2020 10:52:47 America/Araguaina] PHP Stack trace:
[25-Sep-2020 10:52:47 America/Araguaina] PHP   1. {main}() /usr/share/nginx/html/prova/Questao7.php:0
[25-Sep-2020 10:52:48 America/Araguaina] PHP   2. commonCharacterCount() /usr/share/nginx/html/prova/Questao7.php:33
[25-Sep-2020 10:52:48 America/Araguaina] PHP Notice:  Undefined offset: 0 in /usr/share/nginx/html/prova/Questao7.php on line 24
[25-Sep-2020 10:52:48 America/Araguaina] PHP Stack trace:
[25-Sep-2020 10:52:48 America/Araguaina] PHP   1. {main}() /usr/share/nginx/html/prova/Questao7.php:0
[25-Sep-2020 10:52:48 America/Araguaina] PHP   2. commonCharacterCount() /usr/share/nginx/html/prova/Questao7.php:33
[25-Sep-2020 10:53:23 America/Araguaina] PHP Notice:  Undefined offset: 0 in /usr/share/nginx/html/prova/Questao7.php on line 24
[25-Sep-2020 10:53:23 America/Araguaina] PHP Stack trace:
[25-Sep-2020 10:53:23 America/Araguaina] PHP   1. {main}() /usr/share/nginx/html/prova/Questao7.php:0
[25-Sep-2020 10:53:23 America/Araguaina] PHP   2. commonCharacterCount() /usr/share/nginx/html/prova/Questao7.php:34
[25-Sep-2020 10:53:23 America/Araguaina] PHP Notice:  Undefined offset: 0 in /usr/share/nginx/html/prova/Questao7.php on line 25
[25-Sep-2020 10:53:23 America/Araguaina] PHP Stack trace:
[25-Sep-2020 10:53:23 America/Araguaina] PHP   1. {main}() /usr/share/nginx/html/prova/Questao7.php:0
[25-Sep-2020 10:53:23 America/Araguaina] PHP   2. commonCharacterCount() /usr/share/nginx/html/prova/Questao7.php:34
[25-Sep-2020 10:53:23 America/Araguaina] PHP Notice:  Undefined offset: 0 in /usr/share/nginx/html/prova/Questao7.php on line 24
[25-Sep-2020 10:53:23 America/Araguaina] PHP Stack trace:
[25-Sep-2020 10:53:23 America/Araguaina] PHP   1. {main}() /usr/share/nginx/html/prova/Questao7.php:0
[25-Sep-2020 10:53:23 America/Araguaina] PHP   2. commonCharacterCount() /usr/share/nginx/html/prova/Questao7.php:34
[25-Sep-2020 10:53:23 America/Araguaina] PHP Notice:  Undefined offset: 0 in /usr/share/nginx/html/prova/Questao7.php on line 25
[25-Sep-2020 10:53:23 America/Araguaina] PHP Stack trace:
[25-Sep-2020 10:53:23 America/Araguaina] PHP   1. {main}() /usr/share/nginx/html/prova/Questao7.php:0
[25-Sep-2020 10:53:23 America/Araguaina] PHP   2. commonCharacterCount() /usr/share/nginx/html/prova/Questao7.php:34
[25-Sep-2020 10:53:23 America/Araguaina] PHP Notice:  Undefined offset: 0 in /usr/share/nginx/html/prova/Questao7.php on line 24
[25-Sep-2020 10:53:23 America/Araguaina] PHP Stack trace:
[25-Sep-2020 10:53:23 America/Araguaina] PHP   1. {main}() /usr/share/nginx/html/prova/Questao7.php:0
[25-Sep-2020 10:53:23 America/Araguaina] PHP   2. commonCharacterCount() /usr/share/nginx/html/prova/Questao7.php:34
[25-Sep-2020 10:53:23 America/Araguaina] PHP Notice:  Undefined offset: 0 in /usr/share/nginx/html/prova/Questao7.php on line 25
[25-Sep-2020 10:53:23 America/Araguaina] PHP Stack trace:
[25-Sep-2020 10:53:23 America/Araguaina] PHP   1. {main}() /usr/share/nginx/html/prova/Questao7.php:0
[25-Sep-2020 10:53:23 America/Araguaina] PHP   2. commonCharacterCount() /usr/share/nginx/html/prova/Questao7.php:34
[25-Sep-2020 10:53:23 America/Araguaina] PHP Notice:  Undefined offset: 0 in /usr/share/nginx/html/prova/Questao7.php on line 24
[25-Sep-2020 10:53:23 America/Araguaina] PHP Stack trace:
[25-Sep-2020 10:53:23 America/Araguaina] PHP   1. {main}() /usr/share/nginx/html/prova/Questao7.php:0
[25-Sep-2020 10:53:23 America/Araguaina] PHP   2. commonCharacterCount() /usr/share/nginx/html/prova/Questao7.php:34
[25-Sep-2020 10:53:23 America/Araguaina] PHP Notice:  Undefined offset: 0 in /usr/share/nginx/html/prova/Questao7.php on line 25
[25-Sep-2020 10:53:23 America/Araguaina] PHP Stack trace:
[25-Sep-2020 10:53:23 America/Araguaina] PHP   1. {main}() /usr/share/nginx/html/prova/Questao7.php:0
[25-Sep-2020 10:53:23 America/Araguaina] PHP   2. commonCharacterCount() /usr/share/nginx/html/prova/Questao7.php:34
[25-Sep-2020 10:53:45 America/Araguaina] PHP Notice:  Undefined offset: 0 in /usr/share/nginx/html/prova/Questao7.php on line 24
[25-Sep-2020 10:53:45 America/Araguaina] PHP Stack trace:
[25-Sep-2020 10:53:45 America/Araguaina] PHP   1. {main}() /usr/share/nginx/html/prova/Questao7.php:0
[25-Sep-2020 10:53:45 America/Araguaina] PHP   2. commonCharacterCount() /usr/share/nginx/html/prova/Questao7.php:34
[25-Sep-2020 10:53:45 America/Araguaina] PHP Notice:  Undefined offset: 0 in /usr/share/nginx/html/prova/Questao7.php on line 25
[25-Sep-2020 10:53:46 America/Araguaina] PHP Stack trace:
[25-Sep-2020 10:53:46 America/Araguaina] PHP   1. {main}() /usr/share/nginx/html/prova/Questao7.php:0
[25-Sep-2020 10:53:46 America/Araguaina] PHP   2. commonCharacterCount() /usr/share/nginx/html/prova/Questao7.php:34
[25-Sep-2020 10:53:46 America/Araguaina] PHP Notice:  Undefined offset: 0 in /usr/share/nginx/html/prova/Questao7.php on line 24
[25-Sep-2020 10:53:46 America/Araguaina] PHP Stack trace:
[25-Sep-2020 10:53:46 America/Araguaina] PHP   1. {main}() /usr/share/nginx/html/prova/Questao7.php:0
[25-Sep-2020 10:53:46 America/Araguaina] PHP   2. commonCharacterCount() /usr/share/nginx/html/prova/Questao7.php:34
[25-Sep-2020 10:53:46 America/Araguaina] PHP Notice:  Undefined offset: 0 in /usr/share/nginx/html/prova/Questao7.php on line 25
[25-Sep-2020 10:53:46 America/Araguaina] PHP Stack trace:
[25-Sep-2020 10:53:46 America/Araguaina] PHP   1. {main}() /usr/share/nginx/html/prova/Questao7.php:0
[25-Sep-2020 10:53:46 America/Araguaina] PHP   2. commonCharacterCount() /usr/share/nginx/html/prova/Questao7.php:34
[25-Sep-2020 10:53:46 America/Araguaina] PHP Notice:  Undefined offset: 0 in /usr/share/nginx/html/prova/Questao7.php on line 24
[25-Sep-2020 10:53:46 America/Araguaina] PHP Stack trace:
[25-Sep-2020 10:53:46 America/Araguaina] PHP   1. {main}() /usr/share/nginx/html/prova/Questao7.php:0
[25-Sep-2020 10:53:46 America/Araguaina] PHP   2. commonCharacterCount() /usr/share/nginx/html/prova/Questao7.php:34
[25-Sep-2020 10:53:46 America/Araguaina] PHP Notice:  Undefined offset: 0 in /usr/share/nginx/html/prova/Questao7.php on line 25
[25-Sep-2020 10:53:46 America/Araguaina] PHP Stack trace:
[25-Sep-2020 10:53:46 America/Araguaina] PHP   1. {main}() /usr/share/nginx/html/prova/Questao7.php:0
[25-Sep-2020 10:53:46 America/Araguaina] PHP   2. commonCharacterCount() /usr/share/nginx/html/prova/Questao7.php:34
[25-Sep-2020 10:53:46 America/Araguaina] PHP Notice:  Undefined offset: 0 in /usr/share/nginx/html/prova/Questao7.php on line 24
[25-Sep-2020 10:53:46 America/Araguaina] PHP Stack trace:
[25-Sep-2020 10:53:46 America/Araguaina] PHP   1. {main}() /usr/share/nginx/html/prova/Questao7.php:0
[25-Sep-2020 10:53:46 America/Araguaina] PHP   2. commonCharacterCount() /usr/share/nginx/html/prova/Questao7.php:34
[25-Sep-2020 10:53:46 America/Araguaina] PHP Notice:  Undefined offset: 0 in /usr/share/nginx/html/prova/Questao7.php on line 25
[25-Sep-2020 10:53:46 America/Araguaina] PHP Stack trace:
[25-Sep-2020 10:53:46 America/Araguaina] PHP   1. {main}() /usr/share/nginx/html/prova/Questao7.php:0
[25-Sep-2020 10:53:46 America/Araguaina] PHP   2. commonCharacterCount() /usr/share/nginx/html/prova/Questao7.php:34
[25-Sep-2020 10:54:33 America/Araguaina] PHP Notice:  Undefined offset: 0 in /usr/share/nginx/html/prova/Questao7.php on line 24
[25-Sep-2020 10:54:33 America/Araguaina] PHP Stack trace:
[25-Sep-2020 10:54:33 America/Araguaina] PHP   1. {main}() /usr/share/nginx/html/prova/Questao7.php:0
[25-Sep-2020 10:54:33 America/Araguaina] PHP   2. commonCharacterCount() /usr/share/nginx/html/prova/Questao7.php:35
[25-Sep-2020 10:54:33 America/Araguaina] PHP Notice:  Undefined offset: 0 in /usr/share/nginx/html/prova/Questao7.php on line 25
[25-Sep-2020 10:54:33 America/Araguaina] PHP Stack trace:
[25-Sep-2020 10:54:33 America/Araguaina] PHP   1. {main}() /usr/share/nginx/html/prova/Questao7.php:0
[25-Sep-2020 10:54:33 America/Araguaina] PHP   2. commonCharacterCount() /usr/share/nginx/html/prova/Questao7.php:35
[25-Sep-2020 10:54:33 America/Araguaina] PHP Notice:  Undefined offset: 0 in /usr/share/nginx/html/prova/Questao7.php on line 24
[25-Sep-2020 10:54:33 America/Araguaina] PHP Stack trace:
[25-Sep-2020 10:54:33 America/Araguaina] PHP   1. {main}() /usr/share/nginx/html/prova/Questao7.php:0
[25-Sep-2020 10:54:33 America/Araguaina] PHP   2. commonCharacterCount() /usr/share/nginx/html/prova/Questao7.php:35
[25-Sep-2020 10:54:33 America/Araguaina] PHP Notice:  Undefined offset: 0 in /usr/share/nginx/html/prova/Questao7.php on line 25
[25-Sep-2020 10:54:33 America/Araguaina] PHP Stack trace:
[25-Sep-2020 10:54:33 America/Araguaina] PHP   1. {main}() /usr/share/nginx/html/prova/Questao7.php:0
[25-Sep-2020 10:54:33 America/Araguaina] PHP   2. commonCharacterCount() /usr/share/nginx/html/prova/Questao7.php:35
[25-Sep-2020 10:54:33 America/Araguaina] PHP Notice:  Undefined offset: 0 in /usr/share/nginx/html/prova/Questao7.php on line 24
[25-Sep-2020 10:54:33 America/Araguaina] PHP Stack trace:
[25-Sep-2020 10:54:33 America/Araguaina] PHP   1. {main}() /usr/share/nginx/html/prova/Questao7.php:0
[25-Sep-2020 10:54:33 America/Araguaina] PHP   2. commonCharacterCount() /usr/share/nginx/html/prova/Questao7.php:35
[25-Sep-2020 10:54:33 America/Araguaina] PHP Notice:  Undefined offset: 0 in /usr/share/nginx/html/prova/Questao7.php on line 25
[25-Sep-2020 10:54:33 America/Araguaina] PHP Stack trace:
[25-Sep-2020 10:54:34 America/Araguaina] PHP   1. {main}() /usr/share/nginx/html/prova/Questao7.php:0
[25-Sep-2020 10:54:34 America/Araguaina] PHP   2. commonCharacterCount() /usr/share/nginx/html/prova/Questao7.php:35
[25-Sep-2020 10:54:34 America/Araguaina] PHP Notice:  Undefined offset: 0 in /usr/share/nginx/html/prova/Questao7.php on line 24
[25-Sep-2020 10:54:34 America/Araguaina] PHP Stack trace:
[25-Sep-2020 10:54:34 America/Araguaina] PHP   1. {main}() /usr/share/nginx/html/prova/Questao7.php:0
[25-Sep-2020 10:54:34 America/Araguaina] PHP   2. commonCharacterCount() /usr/share/nginx/html/prova/Questao7.php:35
[25-Sep-2020 10:54:34 America/Araguaina] PHP Notice:  Undefined offset: 0 in /usr/share/nginx/html/prova/Questao7.php on line 25
[25-Sep-2020 10:54:34 America/Araguaina] PHP Stack trace:
[25-Sep-2020 10:54:34 America/Araguaina] PHP   1. {main}() /usr/share/nginx/html/prova/Questao7.php:0
[25-Sep-2020 10:54:34 America/Araguaina] PHP   2. commonCharacterCount() /usr/share/nginx/html/prova/Questao7.php:35
[25-Sep-2020 11:00:14 America/Araguaina] PHP Fatal error:  Can't use function return value in write context in /usr/share/nginx/html/prova/Questao7.php on line 26
[25-Sep-2020 11:49:13 America/Araguaina] PHP Notice:  Undefined offset: 8 in /usr/share/nginx/html/prova/Questao9.php on line 46
[25-Sep-2020 11:49:13 America/Araguaina] PHP Stack trace:
[25-Sep-2020 11:49:13 America/Araguaina] PHP   1. {main}() /usr/share/nginx/html/prova/Questao9.php:0
[25-Sep-2020 11:49:13 America/Araguaina] PHP   2. sortByHeight() /usr/share/nginx/html/prova/Questao9.php:52
[25-Sep-2020 11:49:13 America/Araguaina] PHP Notice:  Undefined offset: 9 in /usr/share/nginx/html/prova/Questao9.php on line 46
[25-Sep-2020 11:49:13 America/Araguaina] PHP Stack trace:
[25-Sep-2020 11:49:13 America/Araguaina] PHP   1. {main}() /usr/share/nginx/html/prova/Questao9.php:0
[25-Sep-2020 11:49:13 America/Araguaina] PHP   2. sortByHeight() /usr/share/nginx/html/prova/Questao9.php:52
[25-Sep-2020 11:50:26 America/Araguaina] PHP Notice:  Undefined offset: 6 in /usr/share/nginx/html/prova/Questao9.php on line 46
[25-Sep-2020 11:50:26 America/Araguaina] PHP Stack trace:
[25-Sep-2020 11:50:26 America/Araguaina] PHP   1. {main}() /usr/share/nginx/html/prova/Questao9.php:0
[25-Sep-2020 11:50:26 America/Araguaina] PHP   2. sortByHeight() /usr/share/nginx/html/prova/Questao9.php:52
[25-Sep-2020 11:50:26 America/Araguaina] PHP Notice:  Undefined offset: 7 in /usr/share/nginx/html/prova/Questao9.php on line 46
[25-Sep-2020 11:50:26 America/Araguaina] PHP Stack trace:
[25-Sep-2020 11:50:26 America/Araguaina] PHP   1. {main}() /usr/share/nginx/html/prova/Questao9.php:0
[25-Sep-2020 11:50:26 America/Araguaina] PHP   2. sortByHeight() /usr/share/nginx/html/prova/Questao9.php:52
[25-Sep-2020 11:51:43 America/Araguaina] PHP Notice:  Undefined offset: 8 in /usr/share/nginx/html/prova/Questao9.php on line 48
[25-Sep-2020 11:51:43 America/Araguaina] PHP Stack trace:
[25-Sep-2020 11:51:43 America/Araguaina] PHP   1. {main}() /usr/share/nginx/html/prova/Questao9.php:0
[25-Sep-2020 11:51:43 America/Araguaina] PHP   2. sortByHeight() /usr/share/nginx/html/prova/Questao9.php:54
[25-Sep-2020 11:51:43 America/Araguaina] PHP Notice:  Undefined offset: 9 in /usr/share/nginx/html/prova/Questao9.php on line 48
[25-Sep-2020 11:51:43 America/Araguaina] PHP Stack trace:
[25-Sep-2020 11:51:43 America/Araguaina] PHP   1. {main}() /usr/share/nginx/html/prova/Questao9.php:0
[25-Sep-2020 11:51:43 America/Araguaina] PHP   2. sortByHeight() /usr/share/nginx/html/prova/Questao9.php:54
[25-Sep-2020 11:52:27 America/Araguaina] PHP Notice:  Undefined offset: 5 in /usr/share/nginx/html/prova/Questao9.php on line 48
[25-Sep-2020 11:52:27 America/Araguaina] PHP Stack trace:
[25-Sep-2020 11:52:27 America/Araguaina] PHP   1. {main}() /usr/share/nginx/html/prova/Questao9.php:0
[25-Sep-2020 11:52:27 America/Araguaina] PHP   2. sortByHeight() /usr/share/nginx/html/prova/Questao9.php:54
[25-Sep-2020 11:52:27 America/Araguaina] PHP Notice:  Undefined offset: 6 in /usr/share/nginx/html/prova/Questao9.php on line 48
[25-Sep-2020 11:52:27 America/Araguaina] PHP Stack trace:
[25-Sep-2020 11:52:27 America/Araguaina] PHP   1. {main}() /usr/share/nginx/html/prova/Questao9.php:0
[25-Sep-2020 11:52:27 America/Araguaina] PHP   2. sortByHeight() /usr/share/nginx/html/prova/Questao9.php:54
[25-Sep-2020 11:52:27 America/Araguaina] PHP Notice:  Undefined offset: 7 in /usr/share/nginx/html/prova/Questao9.php on line 48
[25-Sep-2020 11:52:27 America/Araguaina] PHP Stack trace:
[25-Sep-2020 11:52:27 America/Araguaina] PHP   1. {main}() /usr/share/nginx/html/prova/Questao9.php:0
[25-Sep-2020 11:52:27 America/Araguaina] PHP   2. sortByHeight() /usr/share/nginx/html/prova/Questao9.php:54
[25-Sep-2020 11:52:41 America/Araguaina] PHP Notice:  Undefined offset: 5 in /usr/share/nginx/html/prova/Questao9.php on line 47
[25-Sep-2020 11:52:41 America/Araguaina] PHP Stack trace:
[25-Sep-2020 11:52:41 America/Araguaina] PHP   1. {main}() /usr/share/nginx/html/prova/Questao9.php:0
[25-Sep-2020 11:52:41 America/Araguaina] PHP   2. sortByHeight() /usr/share/nginx/html/prova/Questao9.php:54
[25-Sep-2020 11:52:41 America/Araguaina] PHP Notice:  Undefined offset: 6 in /usr/share/nginx/html/prova/Questao9.php on line 47
[25-Sep-2020 11:52:41 America/Araguaina] PHP Stack trace:
[25-Sep-2020 11:52:41 America/Araguaina] PHP   1. {main}() /usr/share/nginx/html/prova/Questao9.php:0
[25-Sep-2020 11:52:41 America/Araguaina] PHP   2. sortByHeight() /usr/share/nginx/html/prova/Questao9.php:54
[25-Sep-2020 11:52:41 America/Araguaina] PHP Notice:  Undefined offset: 7 in /usr/share/nginx/html/prova/Questao9.php on line 47
[25-Sep-2020 11:52:41 America/Araguaina] PHP Stack trace:
[25-Sep-2020 11:52:41 America/Araguaina] PHP   1. {main}() /usr/share/nginx/html/prova/Questao9.php:0
[25-Sep-2020 11:52:41 America/Araguaina] PHP   2. sortByHeight() /usr/share/nginx/html/prova/Questao9.php:54
[25-Sep-2020 11:53:37 America/Araguaina] PHP Notice:  Undefined offset: 9 in /usr/share/nginx/html/prova/Questao9.php on line 47
[25-Sep-2020 11:53:38 America/Araguaina] PHP Stack trace:
[25-Sep-2020 11:53:38 America/Araguaina] PHP   1. {main}() /usr/share/nginx/html/prova/Questao9.php:0
[25-Sep-2020 11:53:38 America/Araguaina] PHP   2. sortByHeight() /usr/share/nginx/html/prova/Questao9.php:54
[25-Sep-2020 11:53:38 America/Araguaina] PHP Notice:  Undefined offset: 10 in /usr/share/nginx/html/prova/Questao9.php on line 47
[25-Sep-2020 11:53:38 America/Araguaina] PHP Stack trace:
[25-Sep-2020 11:53:38 America/Araguaina] PHP   1. {main}() /usr/share/nginx/html/prova/Questao9.php:0
[25-Sep-2020 11:53:38 America/Araguaina] PHP   2. sortByHeight() /usr/share/nginx/html/prova/Questao9.php:54
[25-Sep-2020 11:54:36 America/Araguaina] PHP Notice:  Undefined offset: 9 in /usr/share/nginx/html/prova/Questao9.php on line 47
[25-Sep-2020 11:54:36 America/Araguaina] PHP Stack trace:
[25-Sep-2020 11:54:36 America/Araguaina] PHP   1. {main}() /usr/share/nginx/html/prova/Questao9.php:0
[25-Sep-2020 11:54:36 America/Araguaina] PHP   2. sortByHeight() /usr/share/nginx/html/prova/Questao9.php:54
[25-Sep-2020 11:54:36 America/Araguaina] PHP Notice:  Undefined offset: 10 in /usr/share/nginx/html/prova/Questao9.php on line 47
[25-Sep-2020 11:54:36 America/Araguaina] PHP Stack trace:
[25-Sep-2020 11:54:36 America/Araguaina] PHP   1. {main}() /usr/share/nginx/html/prova/Questao9.php:0
[25-Sep-2020 11:54:36 America/Araguaina] PHP   2. sortByHeight() /usr/share/nginx/html/prova/Questao9.php:54
[25-Sep-2020 11:55:51 America/Araguaina] PHP Notice:  Undefined offset: 8 in /usr/share/nginx/html/prova/Questao9.php on line 47
[25-Sep-2020 11:55:51 America/Araguaina] PHP Stack trace:
[25-Sep-2020 11:55:51 America/Araguaina] PHP   1. {main}() /usr/share/nginx/html/prova/Questao9.php:0
[25-Sep-2020 11:55:51 America/Araguaina] PHP   2. sortByHeight() /usr/share/nginx/html/prova/Questao9.php:53
[25-Sep-2020 11:55:51 America/Araguaina] PHP Notice:  Undefined offset: 9 in /usr/share/nginx/html/prova/Questao9.php on line 47
[25-Sep-2020 11:55:51 America/Araguaina] PHP Stack trace:
[25-Sep-2020 11:55:51 America/Araguaina] PHP   1. {main}() /usr/share/nginx/html/prova/Questao9.php:0
[25-Sep-2020 11:55:51 America/Araguaina] PHP   2. sortByHeight() /usr/share/nginx/html/prova/Questao9.php:53
[25-Sep-2020 11:56:08 America/Araguaina] PHP Notice:  Undefined offset: 8 in /usr/share/nginx/html/prova/Questao9.php on line 47
[25-Sep-2020 11:56:08 America/Araguaina] PHP Stack trace:
[25-Sep-2020 11:56:08 America/Araguaina] PHP   1. {main}() /usr/share/nginx/html/prova/Questao9.php:0
[25-Sep-2020 11:56:08 America/Araguaina] PHP   2. sortByHeight() /usr/share/nginx/html/prova/Questao9.php:54
[25-Sep-2020 11:56:08 America/Araguaina] PHP Notice:  Undefined offset: 9 in /usr/share/nginx/html/prova/Questao9.php on line 47
[25-Sep-2020 11:56:08 America/Araguaina] PHP Stack trace:
[25-Sep-2020 11:56:08 America/Araguaina] PHP   1. {main}() /usr/share/nginx/html/prova/Questao9.php:0
[25-Sep-2020 11:56:08 America/Araguaina] PHP   2. sortByHeight() /usr/share/nginx/html/prova/Questao9.php:54
[25-Sep-2020 11:57:34 America/Araguaina] PHP Notice:  Undefined offset: 9 in /usr/share/nginx/html/prova/Questao9.php on line 47
[25-Sep-2020 11:57:34 America/Araguaina] PHP Stack trace:
[25-Sep-2020 11:57:34 America/Araguaina] PHP   1. {main}() /usr/share/nginx/html/prova/Questao9.php:0
[25-Sep-2020 11:57:34 America/Araguaina] PHP   2. sortByHeight() /usr/share/nginx/html/prova/Questao9.php:54
[25-Sep-2020 11:57:34 America/Araguaina] PHP Notice:  Undefined offset: 10 in /usr/share/nginx/html/prova/Questao9.php on line 47
[25-Sep-2020 11:57:34 America/Araguaina] PHP Stack trace:
[25-Sep-2020 11:57:34 America/Araguaina] PHP   1. {main}() /usr/share/nginx/html/prova/Questao9.php:0
[25-Sep-2020 11:57:34 America/Araguaina] PHP   2. sortByHeight() /usr/share/nginx/html/prova/Questao9.php:54
[25-Sep-2020 11:58:24 America/Araguaina] PHP Notice:  Undefined offset: 9 in /usr/share/nginx/html/prova/Questao9.php on line 47
[25-Sep-2020 11:58:24 America/Araguaina] PHP Stack trace:
[25-Sep-2020 11:58:24 America/Araguaina] PHP   1. {main}() /usr/share/nginx/html/prova/Questao9.php:0
[25-Sep-2020 11:58:24 America/Araguaina] PHP   2. sortByHeight() /usr/share/nginx/html/prova/Questao9.php:55
[25-Sep-2020 11:58:24 America/Araguaina] PHP Notice:  Undefined offset: 10 in /usr/share/nginx/html/prova/Questao9.php on line 47
[25-Sep-2020 11:58:24 America/Araguaina] PHP Stack trace:
[25-Sep-2020 11:58:24 America/Araguaina] PHP   1. {main}() /usr/share/nginx/html/prova/Questao9.php:0
[25-Sep-2020 11:58:24 America/Araguaina] PHP   2. sortByHeight() /usr/share/nginx/html/prova/Questao9.php:55
[25-Sep-2020 11:59:23 America/Araguaina] PHP Notice:  Undefined offset: 5 in /usr/share/nginx/html/prova/Questao9.php on line 47
[25-Sep-2020 11:59:23 America/Araguaina] PHP Stack trace:
[25-Sep-2020 11:59:23 America/Araguaina] PHP   1. {main}() /usr/share/nginx/html/prova/Questao9.php:0
[25-Sep-2020 11:59:23 America/Araguaina] PHP   2. sortByHeight() /usr/share/nginx/html/prova/Questao9.php:56
[25-Sep-2020 11:59:23 America/Araguaina] PHP Notice:  Undefined offset: 11 in /usr/share/nginx/html/prova/Questao9.php on line 47
[25-Sep-2020 11:59:23 America/Araguaina] PHP Stack trace:
[25-Sep-2020 11:59:23 America/Araguaina] PHP   1. {main}() /usr/share/nginx/html/prova/Questao9.php:0
[25-Sep-2020 11:59:23 America/Araguaina] PHP   2. sortByHeight() /usr/share/nginx/html/prova/Questao9.php:56
[25-Sep-2020 11:59:23 America/Araguaina] PHP Notice:  Undefined offset: 13 in /usr/share/nginx/html/prova/Questao9.php on line 47
[25-Sep-2020 11:59:23 America/Araguaina] PHP Stack trace:
[25-Sep-2020 11:59:23 America/Araguaina] PHP   1. {main}() /usr/share/nginx/html/prova/Questao9.php:0
[25-Sep-2020 11:59:23 America/Araguaina] PHP   2. sortByHeight() /usr/share/nginx/html/prova/Questao9.php:56
[25-Sep-2020 11:59:41 America/Araguaina] PHP Notice:  Undefined offset: 8 in /usr/share/nginx/html/prova/Questao9.php on line 47
[25-Sep-2020 11:59:41 America/Araguaina] PHP Stack trace:
[25-Sep-2020 11:59:41 America/Araguaina] PHP   1. {main}() /usr/share/nginx/html/prova/Questao9.php:0
[25-Sep-2020 11:59:41 America/Araguaina] PHP   2. sortByHeight() /usr/share/nginx/html/prova/Questao9.php:56
[25-Sep-2020 11:59:41 America/Araguaina] PHP Notice:  Undefined offset: 7 in /usr/share/nginx/html/prova/Questao9.php on line 47
[25-Sep-2020 11:59:41 America/Araguaina] PHP Stack trace:
[25-Sep-2020 11:59:41 America/Araguaina] PHP   1. {main}() /usr/share/nginx/html/prova/Questao9.php:0
[25-Sep-2020 11:59:41 America/Araguaina] PHP   2. sortByHeight() /usr/share/nginx/html/prova/Questao9.php:56
[25-Sep-2020 11:59:56 America/Araguaina] PHP Notice:  Undefined offset: 9 in /usr/share/nginx/html/prova/Questao9.php on line 47
[25-Sep-2020 11:59:56 America/Araguaina] PHP Stack trace:
[25-Sep-2020 11:59:56 America/Araguaina] PHP   1. {main}() /usr/share/nginx/html/prova/Questao9.php:0
[25-Sep-2020 11:59:56 America/Araguaina] PHP   2. sortByHeight() /usr/share/nginx/html/prova/Questao9.php:55
[25-Sep-2020 11:59:56 America/Araguaina] PHP Notice:  Undefined offset: 10 in /usr/share/nginx/html/prova/Questao9.php on line 47
[25-Sep-2020 11:59:56 America/Araguaina] PHP Stack trace:
[25-Sep-2020 11:59:56 America/Araguaina] PHP   1. {main}() /usr/share/nginx/html/prova/Questao9.php:0
[25-Sep-2020 11:59:56 America/Araguaina] PHP   2. sortByHeight() /usr/share/nginx/html/prova/Questao9.php:55
